CRITICAL - 2021-05-24 06:45:39 --> AuthFilter filter must have a matching alias defined.
#0 /var/www/annotate.local/system/Filters/Filters.php(373): CodeIgniter\Filters\Exceptions\FilterException::forNoAlias()
#1 /var/www/annotate.local/system/CodeIgniter.php(401): CodeIgniter\Filters\Filters->enableFilter()
#2 /var/www/annotate.local/system/CodeIgniter.php(339): CodeIgniter\CodeIgniter->handleRequest()
#3 /var/www/annotate.local/public/index.php(36): CodeIgniter\CodeIgniter->run()
#4 /var/www/annotate.local/system/Commands/Server/rewrite.php(45): require_once('...')
#5 {main}
CRITICAL - 2021-05-24 06:48:39 --> AuthFilter filter must have a matching alias defined.
#0 /var/www/annotate.local/system/Filters/Filters.php(373): CodeIgniter\Filters\Exceptions\FilterException::forNoAlias()
#1 /var/www/annotate.local/system/CodeIgniter.php(401): CodeIgniter\Filters\Filters->enableFilter()
#2 /var/www/annotate.local/system/CodeIgniter.php(339): CodeIgniter\CodeIgniter->handleRequest()
#3 /var/www/annotate.local/public/index.php(36): CodeIgniter\CodeIgniter->run()
#4 /var/www/annotate.local/system/Commands/Server/rewrite.php(45): require_once('...')
#5 {main}
CRITICAL - 2021-05-24 06:49:56 --> Invalid file: ../base_view.php
#0 /var/www/annotate.local/system/View/View.php(213): CodeIgniter\Exceptions\FrameworkException::forInvalidFile()
#1 /var/www/annotate.local/system/View/View.php(246): CodeIgniter\View\View->render()
#2 /var/www/annotate.local/system/Common.php(1250): CodeIgniter\View\View->render()
#3 /var/www/annotate.local/app/Controllers/UsersController.php(71): view()
#4 /var/www/annotate.local/system/CodeIgniter.php(931): App\Controllers\UsersController->loginView()
#5 /var/www/annotate.local/system/CodeIgniter.php(439): CodeIgniter\CodeIgniter->runController()
#6 /var/www/annotate.local/system/CodeIgniter.php(339): CodeIgniter\CodeIgniter->handleRequest()
#7 /var/www/annotate.local/public/index.php(36): CodeIgniter\CodeIgniter->run()
#8 /var/www/annotate.local/system/Commands/Server/rewrite.php(45): require_once('...')
#9 {main}
CRITICAL - 2021-05-24 06:51:16 --> Undefined variable $page_title
#0 /var/www/annotate.local/app/Views/base_view.php(6): CodeIgniter\Debug\Exceptions->errorHandler()
#1 /var/www/annotate.local/system/View/View.php(230): include('...')
#2 /var/www/annotate.local/system/View/View.php(232): CodeIgniter\View\View->CodeIgniter\View\{closure}()
#3 /var/www/annotate.local/system/View/View.php(246): CodeIgniter\View\View->render()
#4 /var/www/annotate.local/system/Common.php(1250): CodeIgniter\View\View->render()
#5 /var/www/annotate.local/app/Controllers/UsersController.php(71): view()
#6 /var/www/annotate.local/system/CodeIgniter.php(931): App\Controllers\UsersController->loginView()
#7 /var/www/annotate.local/system/CodeIgniter.php(439): CodeIgniter\CodeIgniter->runController()
#8 /var/www/annotate.local/system/CodeIgniter.php(339): CodeIgniter\CodeIgniter->handleRequest()
#9 /var/www/annotate.local/public/index.php(36): CodeIgniter\CodeIgniter->run()
#10 /var/www/annotate.local/system/Commands/Server/rewrite.php(45): require_once('...')
#11 {main}
CRITICAL - 2021-05-24 06:51:58 --> Invalid file: ../base_view.php
#0 /var/www/annotate.local/system/View/View.php(213): CodeIgniter\Exceptions\FrameworkException::forInvalidFile()
#1 /var/www/annotate.local/system/View/View.php(246): CodeIgniter\View\View->render()
#2 /var/www/annotate.local/system/Common.php(1250): CodeIgniter\View\View->render()
#3 /var/www/annotate.local/app/Controllers/UsersController.php(120): view()
#4 /var/www/annotate.local/system/CodeIgniter.php(931): App\Controllers\UsersController->registerView()
#5 /var/www/annotate.local/system/CodeIgniter.php(439): CodeIgniter\CodeIgniter->runController()
#6 /var/www/annotate.local/system/CodeIgniter.php(339): CodeIgniter\CodeIgniter->handleRequest()
#7 /var/www/annotate.local/public/index.php(36): CodeIgniter\CodeIgniter->run()
#8 /var/www/annotate.local/system/Commands/Server/rewrite.php(45): require_once('...')
#9 {main}
ERROR - 2021-05-24 06:54:05 --> ErrorException: SQLite3::exec(): table `users` already exists in /var/www/annotate.local/system/Database/SQLite3/Connection.php:147
Stack trace:
#0 [internal function]: CodeIgniter\Debug\Exceptions->errorHandler()
#1 /var/www/annotate.local/system/Database/SQLite3/Connection.php(147): SQLite3->exec()
#2 /var/www/annotate.local/system/Database/BaseConnection.php(732): CodeIgniter\Database\SQLite3\Connection->execute()
#3 /var/www/annotate.local/system/Database/BaseConnection.php(647): CodeIgniter\Database\BaseConnection->simpleQuery()
#4 /var/www/annotate.local/system/Database/Forge.php(525): CodeIgniter\Database\BaseConnection->query()
#5 /var/www/annotate.local/app/Database/Migrations/2021-03-28-113617_Users.php(63): CodeIgniter\Database\Forge->createTable()
#6 /var/www/annotate.local/system/Database/MigrationRunner.php(1066): App\Database\Migrations\Users->up()
#7 /var/www/annotate.local/system/Database/MigrationRunner.php(202): CodeIgniter\Database\MigrationRunner->migrate()
#8 /var/www/annotate.local/system/Commands/Database/Migrate.php(94): CodeIgniter\Database\MigrationRunner->latest()
#9 /var/www/annotate.local/system/CLI/Commands.php(67): CodeIgniter\Commands\Database\Migrate->run()
#10 /var/www/annotate.local/system/CLI/CommandRunner.php(71): CodeIgniter\CLI\Commands->run()
#11 /var/www/annotate.local/system/CLI/CommandRunner.php(56): CodeIgniter\CLI\CommandRunner->index()
#12 /var/www/annotate.local/system/CodeIgniter.php(927): CodeIgniter\CLI\CommandRunner->_remap()
#13 /var/www/annotate.local/system/CodeIgniter.php(439): CodeIgniter\CodeIgniter->runController()
#14 /var/www/annotate.local/system/CodeIgniter.php(339): CodeIgniter\CodeIgniter->handleRequest()
#15 /var/www/annotate.local/system/CLI/Console.php(61): CodeIgniter\CodeIgniter->run()
#16 /var/www/annotate.local/spark(64): CodeIgniter\CLI\Console->run()
#17 {main}
CRITICAL - 2021-05-24 06:54:47 --> Cannot declare class App\Database\Migrations\Users, because the name is already in use
#0 [internal function]: CodeIgniter\Debug\Exceptions->shutdownHandler()
#1 {main}
ERROR - 2021-05-24 06:56:08 --> ErrorException: SQLite3::exec(): NOT NULL constraint failed: users.created_at in /var/www/annotate.local/system/Database/SQLite3/Connection.php:147
Stack trace:
#0 [internal function]: CodeIgniter\Debug\Exceptions->errorHandler()
#1 /var/www/annotate.local/system/Database/SQLite3/Connection.php(147): SQLite3->exec()
#2 /var/www/annotate.local/system/Database/BaseConnection.php(732): CodeIgniter\Database\SQLite3\Connection->execute()
#3 /var/www/annotate.local/system/Database/BaseConnection.php(647): CodeIgniter\Database\BaseConnection->simpleQuery()
#4 /var/www/annotate.local/system/Database/BaseBuilder.php(2277): CodeIgniter\Database\BaseConnection->query()
#5 /var/www/annotate.local/app/Database/Seeds/Users.php(18): CodeIgniter\Database\BaseBuilder->insert()
#6 /var/www/annotate.local/system/Database/Seeder.php(171): App\Database\Seeds\Users->run()
#7 /var/www/annotate.local/system/Commands/Database/Seed.php(83): CodeIgniter\Database\Seeder->call()
#8 /var/www/annotate.local/system/CLI/Commands.php(67): CodeIgniter\Commands\Database\Seed->run()
#9 /var/www/annotate.local/system/CLI/CommandRunner.php(71): CodeIgniter\CLI\Commands->run()
#10 /var/www/annotate.local/system/CLI/CommandRunner.php(56): CodeIgniter\CLI\CommandRunner->index()
#11 /var/www/annotate.local/system/CodeIgniter.php(927): CodeIgniter\CLI\CommandRunner->_remap()
#12 /var/www/annotate.local/system/CodeIgniter.php(439): CodeIgniter\CodeIgniter->runController()
#13 /var/www/annotate.local/system/CodeIgniter.php(339): CodeIgniter\CodeIgniter->handleRequest()
#14 /var/www/annotate.local/system/CLI/Console.php(61): CodeIgniter\CodeIgniter->run()
#15 /var/www/annotate.local/spark(64): CodeIgniter\CLI\Console->run()
#16 {main}
ERROR - 2021-05-24 06:56:39 --> ErrorException: SQLite3::exec(): NOT NULL constraint failed: groups.created_at in /var/www/annotate.local/system/Database/SQLite3/Connection.php:147
Stack trace:
#0 [internal function]: CodeIgniter\Debug\Exceptions->errorHandler()
#1 /var/www/annotate.local/system/Database/SQLite3/Connection.php(147): SQLite3->exec()
#2 /var/www/annotate.local/system/Database/BaseConnection.php(732): CodeIgniter\Database\SQLite3\Connection->execute()
#3 /var/www/annotate.local/system/Database/BaseConnection.php(647): CodeIgniter\Database\BaseConnection->simpleQuery()
#4 /var/www/annotate.local/system/Database/BaseBuilder.php(2277): CodeIgniter\Database\BaseConnection->query()
#5 /var/www/annotate.local/app/Database/Seeds/Usergroups.php(12): CodeIgniter\Database\BaseBuilder->insert()
#6 /var/www/annotate.local/system/Database/Seeder.php(171): App\Database\Seeds\Usergroups->run()
#7 /var/www/annotate.local/system/Commands/Database/Seed.php(83): CodeIgniter\Database\Seeder->call()
#8 /var/www/annotate.local/system/CLI/Commands.php(67): CodeIgniter\Commands\Database\Seed->run()
#9 /var/www/annotate.local/system/CLI/CommandRunner.php(71): CodeIgniter\CLI\Commands->run()
#10 /var/www/annotate.local/system/CLI/CommandRunner.php(56): CodeIgniter\CLI\CommandRunner->index()
#11 /var/www/annotate.local/system/CodeIgniter.php(927): CodeIgniter\CLI\CommandRunner->_remap()
#12 /var/www/annotate.local/system/CodeIgniter.php(439): CodeIgniter\CodeIgniter->runController()
#13 /var/www/annotate.local/system/CodeIgniter.php(339): CodeIgniter\CodeIgniter->handleRequest()
#14 /var/www/annotate.local/system/CLI/Console.php(61): CodeIgniter\CodeIgniter->run()
#15 /var/www/annotate.local/spark(64): CodeIgniter\CLI\Console->run()
#16 {main}
CRITICAL - 2021-05-24 07:00:15 --> The framework needs the following extension(s) installed and loaded: GD.
#0 /var/www/annotate.local/system/Images/Handlers/GDHandler.php(36): CodeIgniter\Exceptions\FrameworkException::forMissingExtension()
#1 /var/www/annotate.local/system/Config/Services.php(378): CodeIgniter\Images\Handlers\GDHandler->__construct()
#2 /var/www/annotate.local/system/Config/BaseService.php(263): CodeIgniter\Config\Services::image()
#3 /var/www/annotate.local/system/Config/BaseService.php(192): CodeIgniter\Config\BaseService::__callStatic()
#4 /var/www/annotate.local/system/Config/Services.php(371): CodeIgniter\Config\BaseService::getSharedInstance()
#5 /var/www/annotate.local/system/Config/BaseService.php(263): CodeIgniter\Config\Services::image()
#6 /var/www/annotate.local/app/Controllers/UsersController.php(144): CodeIgniter\Config\BaseService::__callStatic()
#7 /var/www/annotate.local/system/CodeIgniter.php(931): App\Controllers\UsersController->register()
#8 /var/www/annotate.local/system/CodeIgniter.php(439): CodeIgniter\CodeIgniter->runController()
#9 /var/www/annotate.local/system/CodeIgniter.php(339): CodeIgniter\CodeIgniter->handleRequest()
#10 /var/www/annotate.local/public/index.php(36): CodeIgniter\CodeIgniter->run()
#11 /var/www/annotate.local/system/Commands/Server/rewrite.php(45): require_once('...')
#12 {main}
ERROR - 2021-05-24 07:02:23 --> ErrorException: SQLite3::exec(): NOT NULL constraint failed: users.created_at in /var/www/annotate.local/system/Database/SQLite3/Connection.php:147
Stack trace:
#0 [internal function]: CodeIgniter\Debug\Exceptions->errorHandler()
#1 /var/www/annotate.local/system/Database/SQLite3/Connection.php(147): SQLite3->exec()
#2 /var/www/annotate.local/system/Database/BaseConnection.php(732): CodeIgniter\Database\SQLite3\Connection->execute()
#3 /var/www/annotate.local/system/Database/BaseConnection.php(647): CodeIgniter\Database\BaseConnection->simpleQuery()
#4 /var/www/annotate.local/system/Database/BaseBuilder.php(2277): CodeIgniter\Database\BaseConnection->query()
#5 /var/www/annotate.local/app/Database/Seeds/Users.php(18): CodeIgniter\Database\BaseBuilder->insert()
#6 /var/www/annotate.local/system/Database/Seeder.php(171): App\Database\Seeds\Users->run()
#7 /var/www/annotate.local/system/Commands/Database/Seed.php(83): CodeIgniter\Database\Seeder->call()
#8 /var/www/annotate.local/system/CLI/Commands.php(67): CodeIgniter\Commands\Database\Seed->run()
#9 /var/www/annotate.local/system/CLI/CommandRunner.php(71): CodeIgniter\CLI\Commands->run()
#10 /var/www/annotate.local/system/CLI/CommandRunner.php(56): CodeIgniter\CLI\CommandRunner->index()
#11 /var/www/annotate.local/system/CodeIgniter.php(927): CodeIgniter\CLI\CommandRunner->_remap()
#12 /var/www/annotate.local/system/CodeIgniter.php(439): CodeIgniter\CodeIgniter->runController()
#13 /var/www/annotate.local/system/CodeIgniter.php(339): CodeIgniter\CodeIgniter->handleRequest()
#14 /var/www/annotate.local/system/CLI/Console.php(61): CodeIgniter\CodeIgniter->run()
#15 /var/www/annotate.local/spark(64): CodeIgniter\CLI\Console->run()
#16 {main}
ERROR - 2021-05-24 07:07:20 --> ErrorException: SQLite3::exec(): NOT NULL constraint failed: groups.created_at in /var/www/annotate.local/system/Database/SQLite3/Connection.php:147
Stack trace:
#0 [internal function]: CodeIgniter\Debug\Exceptions->errorHandler()
#1 /var/www/annotate.local/system/Database/SQLite3/Connection.php(147): SQLite3->exec()
#2 /var/www/annotate.local/system/Database/BaseConnection.php(732): CodeIgniter\Database\SQLite3\Connection->execute()
#3 /var/www/annotate.local/system/Database/BaseConnection.php(647): CodeIgniter\Database\BaseConnection->simpleQuery()
#4 /var/www/annotate.local/system/Database/BaseBuilder.php(2277): CodeIgniter\Database\BaseConnection->query()
#5 /var/www/annotate.local/app/Database/Seeds/Usergroups.php(12): CodeIgniter\Database\BaseBuilder->insert()
#6 /var/www/annotate.local/system/Database/Seeder.php(171): App\Database\Seeds\Usergroups->run()
#7 /var/www/annotate.local/system/Commands/Database/Seed.php(83): CodeIgniter\Database\Seeder->call()
#8 /var/www/annotate.local/system/CLI/Commands.php(67): CodeIgniter\Commands\Database\Seed->run()
#9 /var/www/annotate.local/system/CLI/CommandRunner.php(71): CodeIgniter\CLI\Commands->run()
#10 /var/www/annotate.local/system/CLI/CommandRunner.php(56): CodeIgniter\CLI\CommandRunner->index()
#11 /var/www/annotate.local/system/CodeIgniter.php(927): CodeIgniter\CLI\CommandRunner->_remap()
#12 /var/www/annotate.local/system/CodeIgniter.php(439): CodeIgniter\CodeIgniter->runController()
#13 /var/www/annotate.local/system/CodeIgniter.php(339): CodeIgniter\CodeIgniter->handleRequest()
#14 /var/www/annotate.local/system/CLI/Console.php(61): CodeIgniter\CodeIgniter->run()
#15 /var/www/annotate.local/spark(64): CodeIgniter\CLI\Console->run()
#16 {main}
CRITICAL - 2021-05-24 07:20:24 --> The framework needs the following extension(s) installed and loaded: GD.
#0 /var/www/annotate.local/system/Images/Handlers/GDHandler.php(36): CodeIgniter\Exceptions\FrameworkException::forMissingExtension()
#1 /var/www/annotate.local/system/Config/Services.php(378): CodeIgniter\Images\Handlers\GDHandler->__construct()
#2 /var/www/annotate.local/system/Config/BaseService.php(263): CodeIgniter\Config\Services::image()
#3 /var/www/annotate.local/system/Config/BaseService.php(192): CodeIgniter\Config\BaseService::__callStatic()
#4 /var/www/annotate.local/system/Config/Services.php(371): CodeIgniter\Config\BaseService::getSharedInstance()
#5 /var/www/annotate.local/system/Config/BaseService.php(263): CodeIgniter\Config\Services::image()
#6 /var/www/annotate.local/app/Controllers/UsersController.php(144): CodeIgniter\Config\BaseService::__callStatic()
#7 /var/www/annotate.local/system/CodeIgniter.php(931): App\Controllers\UsersController->register()
#8 /var/www/annotate.local/system/CodeIgniter.php(439): CodeIgniter\CodeIgniter->runController()
#9 /var/www/annotate.local/system/CodeIgniter.php(339): CodeIgniter\CodeIgniter->handleRequest()
#10 /var/www/annotate.local/public/index.php(36): CodeIgniter\CodeIgniter->run()
#11 /var/www/annotate.local/system/Commands/Server/rewrite.php(45): require_once('...')
#12 {main}
CRITICAL - 2021-05-24 07:22:35 --> The framework needs the following extension(s) installed and loaded: GD.
#0 /var/www/annotate.local/system/Images/Handlers/GDHandler.php(36): CodeIgniter\Exceptions\FrameworkException::forMissingExtension()
#1 /var/www/annotate.local/system/Config/Services.php(378): CodeIgniter\Images\Handlers\GDHandler->__construct()
#2 /var/www/annotate.local/system/Config/BaseService.php(263): CodeIgniter\Config\Services::image()
#3 /var/www/annotate.local/system/Config/BaseService.php(192): CodeIgniter\Config\BaseService::__callStatic()
#4 /var/www/annotate.local/system/Config/Services.php(371): CodeIgniter\Config\BaseService::getSharedInstance()
#5 /var/www/annotate.local/system/Config/BaseService.php(263): CodeIgniter\Config\Services::image()
#6 /var/www/annotate.local/app/Controllers/UsersController.php(144): CodeIgniter\Config\BaseService::__callStatic()
#7 /var/www/annotate.local/system/CodeIgniter.php(931): App\Controllers\UsersController->register()
#8 /var/www/annotate.local/system/CodeIgniter.php(439): CodeIgniter\CodeIgniter->runController()
#9 /var/www/annotate.local/system/CodeIgniter.php(339): CodeIgniter\CodeIgniter->handleRequest()
#10 /var/www/annotate.local/public/index.php(36): CodeIgniter\CodeIgniter->run()
#11 /var/www/annotate.local/system/Commands/Server/rewrite.php(45): require_once('...')
#12 {main}
CRITICAL - 2021-05-24 07:23:24 --> The framework needs the following extension(s) installed and loaded: GD.
#0 /var/www/annotate.local/system/Images/Handlers/GDHandler.php(36): CodeIgniter\Exceptions\FrameworkException::forMissingExtension()
#1 /var/www/annotate.local/system/Config/Services.php(378): CodeIgniter\Images\Handlers\GDHandler->__construct()
#2 /var/www/annotate.local/system/Config/BaseService.php(263): CodeIgniter\Config\Services::image()
#3 /var/www/annotate.local/system/Config/BaseService.php(192): CodeIgniter\Config\BaseService::__callStatic()
#4 /var/www/annotate.local/system/Config/Services.php(371): CodeIgniter\Config\BaseService::getSharedInstance()
#5 /var/www/annotate.local/system/Config/BaseService.php(263): CodeIgniter\Config\Services::image()
#6 /var/www/annotate.local/app/Controllers/UsersController.php(144): CodeIgniter\Config\BaseService::__callStatic()
#7 /var/www/annotate.local/system/CodeIgniter.php(931): App\Controllers\UsersController->register()
#8 /var/www/annotate.local/system/CodeIgniter.php(439): CodeIgniter\CodeIgniter->runController()
#9 /var/www/annotate.local/system/CodeIgniter.php(339): CodeIgniter\CodeIgniter->handleRequest()
#10 /var/www/annotate.local/public/index.php(36): CodeIgniter\CodeIgniter->run()
#11 /var/www/annotate.local/system/Commands/Server/rewrite.php(45): require_once('...')
#12 {main}
CRITICAL - 2021-05-24 07:24:29 --> The framework needs the following extension(s) installed and loaded: GD.
#0 /var/www/annotate.local/system/Images/Handlers/GDHandler.php(36): CodeIgniter\Exceptions\FrameworkException::forMissingExtension()
#1 /var/www/annotate.local/system/Config/Services.php(378): CodeIgniter\Images\Handlers\GDHandler->__construct()
#2 /var/www/annotate.local/system/Config/BaseService.php(263): CodeIgniter\Config\Services::image()
#3 /var/www/annotate.local/system/Config/BaseService.php(192): CodeIgniter\Config\BaseService::__callStatic()
#4 /var/www/annotate.local/system/Config/Services.php(371): CodeIgniter\Config\BaseService::getSharedInstance()
#5 /var/www/annotate.local/system/Config/BaseService.php(263): CodeIgniter\Config\Services::image()
#6 /var/www/annotate.local/app/Controllers/UsersController.php(144): CodeIgniter\Config\BaseService::__callStatic()
#7 /var/www/annotate.local/system/CodeIgniter.php(931): App\Controllers\UsersController->register()
#8 /var/www/annotate.local/system/CodeIgniter.php(439): CodeIgniter\CodeIgniter->runController()
#9 /var/www/annotate.local/system/CodeIgniter.php(339): CodeIgniter\CodeIgniter->handleRequest()
#10 /var/www/annotate.local/public/index.php(36): CodeIgniter\CodeIgniter->run()
#11 /var/www/annotate.local/system/Commands/Server/rewrite.php(45): require_once('...')
#12 {main}
CRITICAL - 2021-05-24 07:31:14 --> NoAuthFilter filter must have a matching alias defined.
#0 /var/www/annotate.local/system/Filters/Filters.php(373): CodeIgniter\Filters\Exceptions\FilterException::forNoAlias()
#1 /var/www/annotate.local/system/CodeIgniter.php(401): CodeIgniter\Filters\Filters->enableFilter()
#2 /var/www/annotate.local/system/CodeIgniter.php(339): CodeIgniter\CodeIgniter->handleRequest()
#3 /var/www/annotate.local/public/index.php(36): CodeIgniter\CodeIgniter->run()
#4 /var/www/annotate.local/system/Commands/Server/rewrite.php(45): require_once('...')
#5 {main}
CRITICAL - 2021-05-24 07:31:22 --> NoAuthFilter filter must have a matching alias defined.
#0 /var/www/annotate.local/system/Filters/Filters.php(373): CodeIgniter\Filters\Exceptions\FilterException::forNoAlias()
#1 /var/www/annotate.local/system/CodeIgniter.php(401): CodeIgniter\Filters\Filters->enableFilter()
#2 /var/www/annotate.local/system/CodeIgniter.php(339): CodeIgniter\CodeIgniter->handleRequest()
#3 /var/www/annotate.local/public/index.php(36): CodeIgniter\CodeIgniter->run()
#4 /var/www/annotate.local/system/Commands/Server/rewrite.php(45): require_once('...')
#5 {main}
ERROR - 2021-05-24 07:43:40 --> ErrorException: SQLite3::exec(): database is locked in /var/www/annotate.local/system/Database/SQLite3/Connection.php:147
Stack trace:
#0 [internal function]: CodeIgniter\Debug\Exceptions->errorHandler()
#1 /var/www/annotate.local/system/Database/SQLite3/Connection.php(147): SQLite3->exec()
#2 /var/www/annotate.local/system/Database/BaseConnection.php(732): CodeIgniter\Database\SQLite3\Connection->execute()
#3 /var/www/annotate.local/system/Database/BaseConnection.php(647): CodeIgniter\Database\BaseConnection->simpleQuery()
#4 /var/www/annotate.local/system/Database/BaseBuilder.php(2482): CodeIgniter\Database\BaseConnection->query()
#5 /var/www/annotate.local/system/Model.php(326): CodeIgniter\Database\BaseBuilder->update()
#6 /var/www/annotate.local/system/BaseModel.php(917): CodeIgniter\Model->doUpdate()
#7 /var/www/annotate.local/system/Model.php(718): CodeIgniter\BaseModel->update()
#8 /var/www/annotate.local/app/Controllers/UsersController.php(345): CodeIgniter\Model->update()
#9 /var/www/annotate.local/system/CodeIgniter.php(931): App\Controllers\UsersController->reset()
#10 /var/www/annotate.local/system/CodeIgniter.php(439): CodeIgniter\CodeIgniter->runController()
#11 /var/www/annotate.local/system/CodeIgniter.php(339): CodeIgniter\CodeIgniter->handleRequest()
#12 /var/www/annotate.local/public/index.php(36): CodeIgniter\CodeIgniter->run()
#13 /var/www/annotate.local/system/Commands/Server/rewrite.php(45): require_once('...')
#14 {main}
CRITICAL - 2021-05-24 07:43:40 --> SQLite3::exec(): database is locked
#0 [internal function]: CodeIgniter\Debug\Exceptions->errorHandler()
#1 /var/www/annotate.local/system/Database/SQLite3/Connection.php(147): SQLite3->exec()
#2 /var/www/annotate.local/system/Database/BaseConnection.php(732): CodeIgniter\Database\SQLite3\Connection->execute()
#3 /var/www/annotate.local/system/Database/BaseConnection.php(647): CodeIgniter\Database\BaseConnection->simpleQuery()
#4 /var/www/annotate.local/system/Database/BaseBuilder.php(2482): CodeIgniter\Database\BaseConnection->query()
#5 /var/www/annotate.local/system/Model.php(326): CodeIgniter\Database\BaseBuilder->update()
#6 /var/www/annotate.local/system/BaseModel.php(917): CodeIgniter\Model->doUpdate()
#7 /var/www/annotate.local/system/Model.php(718): CodeIgniter\BaseModel->update()
#8 /var/www/annotate.local/app/Controllers/UsersController.php(345): CodeIgniter\Model->update()
#9 /var/www/annotate.local/system/CodeIgniter.php(931): App\Controllers\UsersController->reset()
#10 /var/www/annotate.local/system/CodeIgniter.php(439): CodeIgniter\CodeIgniter->runController()
#11 /var/www/annotate.local/system/CodeIgniter.php(339): CodeIgniter\CodeIgniter->handleRequest()
#12 /var/www/annotate.local/public/index.php(36): CodeIgniter\CodeIgniter->run()
#13 /var/www/annotate.local/system/Commands/Server/rewrite.php(45): require_once('...')
#14 {main}
